[codegraph] reusing existing index at /home/sarocu/Projects/printer/.codegraph/index.json
[codegraph] startup index: 69 files (parsed 0, reused 69, failed 0)
error: renaming /home/sarocu/Projects/printer/.codegraph/index.json.tmp → /home/sarocu/Projects/printer/.codegraph/index.json: No such file or directory (os error 2)
[codegraph] reusing existing index at /home/sarocu/Projects/printer/.codegraph/index.json
[codegraph] startup index: 69 files (parsed 0, reused 69, failed 0)
[codegraph] watching /home/sarocu/Projects/printer (debounce 300ms); press Ctrl-C to stop
[codegraph] flushed: indexed 1, removed 0, failed 0
[codegraph] flushed: indexed 1, removed 0, failed 0
[codegraph] flushed: indexed 1, removed 0, failed 0
[codegraph] flushed: indexed 1, removed 0, failed 0
[codegraph] flushed: indexed 1, removed 0, failed 0
[codegraph] flushed: indexed 1, removed 0, failed 0
[codegraph] flushed: indexed 1, removed 0, failed 0
[codegraph] flushed: indexed 1, removed 0, failed 0
[codegraph] flushed: indexed 1, removed 0, failed 0
[codegraph] flushed: indexed 1, removed 0, failed 0
[codegraph] flushed: indexed 1, removed 0, failed 0
[codegraph] flushed: indexed 1, removed 0, failed 0
[codegraph] flushed: indexed 1, removed 0, failed 0
[codegraph] flushed: indexed 1, removed 0, failed 0
[codegraph] flushed: indexed 1, removed 0, failed 0
